This file contains any messages produced by compilers while
running configure, to aid debugging if configure makes a mistake.

It was created by configure, which was
generated by GNU Autoconf 2.59.  Invocation command line was

  $ ./configure 

## --------- ##
## Platform. ##
## --------- ##

hostname = MacBook-Pro-de-Simon.local
uname -m = x86_64
uname -r = 19.4.0
uname -s = Darwin
uname -v = Darwin Kernel Version 19.4.0: Wed Mar  4 22:28:40 PST 2020; root:xnu-6153.101.6~15/RELEASE_X86_64

/usr/bin/uname -p = i386
/bin/uname -X     = unknown

/bin/arch              = unknown
/usr/bin/arch -k       = unknown
/usr/convex/getsysinfo = unknown
hostinfo               = Mach kernel version:
	 Darwin Kernel Version 19.4.0: Wed Mar  4 22:28:40 PST 2020; root:xnu-6153.101.6~15/RELEASE_X86_64
Kernel configured for up to 8 processors.
4 processors are physically available.
8 processors are logically available.
Processor type: x86_64h (Intel x86-64h Haswell)
Processors active: 0 1 2 3 4 5 6 7
Primary memory available: 16.00 gigabytes
Default processor set: 433 tasks, 2198 threads, 8 processors
Load average: 0.65, Mach factor: 7.34
/bin/machine           = unknown
/usr/bin/oslevel       = unknown
/bin/universe          = unknown

PATH: /usr/local/bin
PATH: /usr/bin
PATH: /bin
PATH: /usr/sbin
PATH: /sbin


## ----------- ##
## Core tests. ##
## ----------- ##

configure:1295: checking for a BSD-compatible install
configure:1350: result: /usr/bin/install -c
configure:1361: checking whether build environment is sane
configure:1404: result: yes
configure:1419: checking whether make sets $(MAKE)
configure:1439: result: yes
configure:1471: checking for working aclocal-1.4
configure:1482: result: missing
configure:1486: checking for working autoconf
configure:1497: result: missing
configure:1501: checking for working automake-1.4
configure:1512: result: missing
configure:1516: checking for working autoheader
configure:1527: result: missing
configure:1531: checking for working makeinfo
configure:1538: result: found
configure:1595: checking for gcc
configure:1611: found /usr/bin/gcc
configure:1621: result: gcc
configure:1865: checking for C compiler version
configure:1868: gcc --version </dev/null >&5
Configured with: --prefix=/Library/Developer/CommandLineTools/usr --with-gxx-include-dir=/Library/Developer/CommandLineTools/SDKs/MacOSX.sdk/usr/include/c++/4.2.1
Apple clang version 11.0.3 (clang-1103.0.32.59)
Target: x86_64-apple-darwin19.4.0
Thread model: posix
InstalledDir: /Library/Developer/CommandLineTools/usr/bin
configure:1871: $? = 0
configure:1873: gcc -v </dev/null >&5
Configured with: --prefix=/Library/Developer/CommandLineTools/usr --with-gxx-include-dir=/Library/Developer/CommandLineTools/SDKs/MacOSX.sdk/usr/include/c++/4.2.1
Apple clang version 11.0.3 (clang-1103.0.32.59)
Target: x86_64-apple-darwin19.4.0
Thread model: posix
InstalledDir: /Library/Developer/CommandLineTools/usr/bin
configure:1876: $? = 0
configure:1878: gcc -V </dev/null >&5
clang: error: unsupported option '-V -Wno-objc-signed-char-bool-implicit-int-conversion'
clang: error: no input files
configure:1881: $? = 1
configure:1904: checking for C compiler default output file name
configure:1907: gcc    conftest.c  >&5
configure:1910: $? = 0
configure:1956: result: a.out
configure:1961: checking whether the C compiler works
configure:1967: ./a.out
configure:1970: $? = 0
configure:1987: result: yes
configure:1994: checking whether we are cross compiling
configure:1996: result: no
configure:1999: checking for suffix of executables
configure:2001: gcc -o conftest    conftest.c  >&5
configure:2004: $? = 0
configure:2029: result: 
configure:2035: checking for suffix of object files
configure:2056: gcc -c   conftest.c >&5
configure:2059: $? = 0
configure:2081: result: o
configure:2085: checking whether we are using the GNU C compiler
configure:2109: gcc -c   conftest.c >&5
configure:2115: $? = 0
configure:2118: test -z 			 || test ! -s conftest.err
configure:2121: $? = 0
configure:2124: test -s conftest.o
configure:2127: $? = 0
configure:2140: result: yes
configure:2146: checking whether gcc accepts -g
configure:2167: gcc -c -g  conftest.c >&5
configure:2173: $? = 0
configure:2176: test -z 			 || test ! -s conftest.err
configure:2179: $? = 0
configure:2182: test -s conftest.o
configure:2185: $? = 0
configure:2196: result: yes
configure:2213: checking for gcc option to accept ANSI C
configure:2283: gcc  -c -g -O2  conftest.c >&5
configure:2289: $? = 0
configure:2292: test -z 			 || test ! -s conftest.err
configure:2295: $? = 0
configure:2298: test -s conftest.o
configure:2301: $? = 0
configure:2319: result: none needed
configure:2337: gcc -c -g -O2  conftest.c >&5
conftest.c:2:3: error: unknown type name 'choke'
  choke me
  ^
conftest.c:2:11: error: expected ';' after top level declarator
  choke me
          ^
          ;
2 errors generated.
configure:2343: $? = 1
configure: failed program was:
| #ifndef __cplusplus
|   choke me
| #endif
configure:2486: checking for a BSD-compatible install
configure:2541: result: /usr/bin/install -c
configure:2553: checking if malloc debugging is wanted
configure:2574: result: no
configure:2706: creating ./config.status

## ---------------------- ##
## Running config.status. ##
## ---------------------- ##

This file was extended by config.status, which was
generated by GNU Autoconf 2.59.  Invocation command line was

  CONFIG_FILES    = 
  CONFIG_HEADERS  = 
  CONFIG_LINKS    = 
  CONFIG_COMMANDS = 
  $ ./config.status 

on MacBook-Pro-de-Simon.local

config.status:688: creating Makefile
config.status:688: creating src/Makefile
config.status:688: creating man/Makefile

## ---------------- ##
## Cache variables. ##
## ---------------- ##

ac_cv_c_compiler_gnu=yes
ac_cv_env_CC_set=
ac_cv_env_CC_value=
ac_cv_env_CFLAGS_set=
ac_cv_env_CFLAGS_value=
ac_cv_env_CPPFLAGS_set=
ac_cv_env_CPPFLAGS_value=
ac_cv_env_LDFLAGS_set=
ac_cv_env_LDFLAGS_value=
ac_cv_env_build_alias_set=
ac_cv_env_build_alias_value=
ac_cv_env_host_alias_set=
ac_cv_env_host_alias_value=
ac_cv_env_target_alias_set=
ac_cv_env_target_alias_value=
ac_cv_exeext=
ac_cv_objext=o
ac_cv_path_install='/usr/bin/install -c'
ac_cv_prog_ac_ct_CC=gcc
ac_cv_prog_cc_g=yes
ac_cv_prog_cc_stdc=
ac_cv_prog_make_make_set=yes

## ----------------- ##
## Output variables. ##
## ----------------- ##

ACLOCAL='/Users/simonprovost/Desktop/delivery/rpl_source/missing aclocal-1.4'
AUTOCONF='/Users/simonprovost/Desktop/delivery/rpl_source/missing autoconf'
AUTOHEADER='/Users/simonprovost/Desktop/delivery/rpl_source/missing autoheader'
AUTOMAKE='/Users/simonprovost/Desktop/delivery/rpl_source/missing automake-1.4'
CC='gcc'
CFLAGS='-g -O2'
CPPFLAGS=''
DEFS='-DPACKAGE_NAME=\"\" -DPACKAGE_TARNAME=\"\" -DPACKAGE_VERSION=\"\" -DPACKAGE_STRING=\"\" -DPACKAGE_BUGREPORT=\"\" -DPACKAGE=\"rpl\" -DVERSION=\"1.4.1\" '
ECHO_C='ECHO_N=''
ECHO_T=''
EXEEXT=''
INSTALL_DATA='${INSTALL} -m 644'
INSTALL_PROGRAM='${INSTALL}'
INSTALL_SCRIPT='${INSTALL}'
LDFLAGS=''
LIBOBJS=''
LIBS=''
LTLIBOBJS=''
MAKEINFO='makeinfo'
OBJEXT='o'
PACKAGE='rpl'
PACKAGE_BUGREPORT=''
PACKAGE_NAME=''
PACKAGE_STRING=''
PACKAGE_TARNAME=''
PACKAGE_VERSION=''
PATH_SEPARATOR=':'
SET_MAKE=''
SHELL='/bin/sh'
VERSION='1.4.1'
ac_ct_CC='gcc'
bindir='${exec_prefix}/bin'
build_alias=''
datadir='${prefix}/share'
exec_prefix='${prefix}'
host_alias=''
includedir='${prefix}/include'
infodir='${prefix}/info'
libdir='${exec_prefix}/lib'
libexecdir='${exec_prefix}/libexec'
localstatedir='${prefix}/var'
mandir='${prefix}/man'
oldincludedir='/usr/include'
prefix='/usr/local'
program_transform_name='s,x,x,'
sbindir='${exec_prefix}/sbin'
sharedstatedir='${prefix}/com'
sysconfdir='${prefix}/etc'
target_alias=''

## ----------- ##
## confdefs.h. ##
## ----------- ##

#define PACKAGE "rpl"
#define PACKAGE_BUGREPORT ""
#define PACKAGE_NAME ""
#define PACKAGE_STRING ""
#define PACKAGE_TARNAME ""
#define PACKAGE_VERSION ""
#define VERSION "1.4.1"

configure: exit 0
